<?xml version="1.0" encoding="UTF-8"?>
<testng-results ignored="0" total="3" passed="3" failed="0" skipped="0">
  <reporter-output>
  </reporter-output>
  <suite started-at="2023-07-28T03:28:22 IST" name="Suite" finished-at="2023-07-28T03:29:34 IST" duration-ms="72153">
    <groups>
    </groups>
    <test started-at="2023-07-28T03:28:22 IST" name="Test" finished-at="2023-07-28T03:29:34 IST" duration-ms="72153">
      <class name="eCommerce.Amazon">
        <test-method signature="amazon()[pri:0, instance:eCommerce.Amazon@7d8995e]" started-at="2023-07-28T03:28:22 IST" name="amazon" finished-at="2023-07-28T03:28:33 IST" duration-ms="10945" status="PASS">
          <reporter-output>
          </reporter-output>
        </test-method> <!-- amazon -->
      </class> <!-- eCommerce.Amazon -->
      <class name="eCommerce.Ajio">
        <test-method signature="ajio()[pri:0, instance:eCommerce.Ajio@49e53c76]" started-at="2023-07-28T03:28:56 IST" name="ajio" finished-at="2023-07-28T03:29:34 IST" duration-ms="37930" status="PASS">
          <reporter-output>
          </reporter-output>
        </test-method> <!-- ajio -->
      </class> <!-- eCommerce.Ajio -->
      <class name="eCommerce.Flipkart">
        <test-method signature="flipkart()[pri:0, instance:eCommerce.Flipkart@38d8f54a]" started-at="2023-07-28T03:28:33 IST" name="flipkart" finished-at="2023-07-28T03:28:56 IST" duration-ms="23226" status="PASS">
          <reporter-output>
          </reporter-output>
        </test-method> <!-- flipkart -->
      </class> <!-- eCommerce.Flipkart -->
    </test> <!-- Test -->
  </suite> <!-- Suite -->
</testng-results>
